Arguments: 
  D:\node\node.exe C:\Users\WINDOWS\AppData\Roaming\npm\node_modules\yarn\bin\yarn.js add react-native-picker-select@latest

PATH: 
  C:\Python311\Scripts\;C:\Python311\;C:\Python310\Scripts\;C:\Python310\;C:\Program Files\Common Files\Oracle\Java\javapath;C:\oraclexe\app\oracle\product\11.2.0\server\bin;C:\Program Files (x86)\Common Files\Oracle\Java\javapath;C:\Windows\system32;C:\Windows;C:\Windows\System32\Wbem;C:\Windows\System32\WindowsPowerShell\v1.0\;C:\Windows\System32\OpenSSH\;C:\Program Files\Intel\WiFi\bin\;C:\Program Files\Common Files\Intel\WirelessCommon\;C:\Program Files (x86)\NVIDIA Corporation\PhysX\Common;C:\Program Files (x86)\Microsoft SQL Server\150\DTS\Binn\;C:\Program Files\Azure Data Studio\bin;C:\Program Files\Microsoft SQL Server\Client SDK\ODBC\170\Tools\Binn\;C:\Program Files (x86)\Microsoft SQL Server\150\Tools\Binn\;C:\Program Files\Microsoft SQL Server\150\Tools\Binn\;C:\Program Files\Microsoft SQL Server\150\DTS\Binn\;C:\ProgramData\chocolatey\bin;C:\MongoDB\bin;C:\xampp\php;C:\ProgramData\ComposerSetup\bin;C:\Program Files\Docker\Docker\resources\bin;C:\Users\WINDOWS\AppData\Roaming\nvm;C:\Program Files\nodejs;D:\node\;D:\Git\cmd;C:\Program Files\MySQL\MySQL Shell 8.0\bin\;C:\Users\WINDOWS\AppData\Local\Programs\Python\Python37-32\Scripts\;C:\Users\WINDOWS\AppData\Local\Programs\Python\Python37-32\;C:\Users\WINDOWS\AppData\Local\Microsoft\WindowsApps;C:\Users\WINDOWS\AppData\Local\Programs\Microsoft VS Code\bin;C:\Program Files\Java\jdk1.8.0_241\bin;C:\Program Files\Azure Data Studio\bin;C:\DBsqlite\sqlite-tools-win32-x86-3360000;C:\Program Files\MongoDB\Server\5.0\bin;C:\xamp\php\php.exe;C:\Users\WINDOWS\AppData\Roaming\Composer\vendor\bin;C:\Program Files\Java\jdk-11.0.18\bin;D:\IntelliJ IDEA 2022.3.2\bin;;D:\nodejs;D:\Proyecto Davinci\Angular - Node\npm;D:\Proyecto Davinci\Angular - Node\npm\node_modules\@angular\cli\node_modules\.bin;C:\Users\WINDOWS\AppData\Local\Yarn\bin;C:\Users\WINDOWS\AppData\Roaming\nvm;C:\Program Files\nodejs;C:\Program Files\nodejs\node_modules\npm\bin;C:\ProgramData\Microsoft\Windows\Start Menu\Programs\NVM for Windows;C:\Users\WINDOWS\AppData\Roaming\npm

Yarn version: 
  1.22.19

Node version: 
  16.17.1

Platform: 
  win32 x64

Trace: 
  Error: EPERM: operation not permitted, unlink 'D:\AppMovil\AppBeta\node_modules\@babel\plugin-proposal-unicode-property-regex\lib'

npm manifest: 
  {
    "name": "appbeta",
    "version": "1.0.0",
    "main": "node_modules/expo/AppEntry.js",
    "scripts": {
      "start": "expo start",
      "android": "expo start --android",
      "ios": "expo start --ios",
      "web": "expo start --web"
    },
    "dependencies": {
      "@react-navigation/bottom-tabs": "^6.5.8",
      "@react-navigation/drawer": "^6.6.3",
      "@react-navigation/native": "^6.1.7",
      "@react-navigation/native-stack": "^6.9.13",
      "@react-navigation/stack": "^6.3.17",
      "expo": "~48.0.18",
      "expo-blur": "~12.2.2",
      "expo-status-bar": "~1.4.4",
      "firebase": "^9.23.0",
      "lodash": "^4.17.21",
      "react": "18.2.0",
      "react-native": "0.71.8",
      "react-native-easy-toast": "^2.3.0",
      "react-native-elements": "^3.4.3",
      "react-native-gesture-handler": "~2.9.0",
      "react-native-keyboard-aware-scroll-view": "^0.9.5",
      "react-native-picker-select": "^8.0.4",
      "react-native-reanimated": "~2.14.4",
      "react-native-safe-area-context": "4.5.0",
      "react-native-screens": "~3.20.0",
      "react-native-vector-icons": "^9.2.0",
      "@react-native-community/datetimepicker": "6.7.3"
    },
    "devDependencies": {
      "@babel/core": "^7.20.0"
    },
    "private": true
  }

yarn manifest: 
  No manifest

Lockfile: 
  No lockfile
